Analysis & Synthesis report for digital_clock
Wed Nov 16 23:17:54 2022
Quartus II 64-Bit Version 13.0.1 Build 232 06/12/2013 Service Pack 1 SJ Web Edition


---------------------
; Table of Contents ;
---------------------
  1. Legal Notice
  2. Analysis & Synthesis Summary
  3. Analysis & Synthesis Settings
  4. Parallel Compilation
  5. Analysis & Synthesis Source Files Read
  6. Analysis & Synthesis Resource Usage Summary
  7. Analysis & Synthesis Resource Utilization by Entity
  8. General Register Statistics
  9. Multiplexer Restructuring Statistics (Restructuring Performed)
 10. Parameter Settings for User Entity Instance: clock_generator:CG|counter:C0
 11. Parameter Settings for User Entity Instance: counter:C0
 12. Parameter Settings for User Entity Instance: second_bcd:SB
 13. Parameter Settings for User Entity Instance: second_bcd:SB|counter:C0
 14. Parameter Settings for User Entity Instance: minute_bcd:MB
 15. Parameter Settings for User Entity Instance: minute_bcd:MB|counter:C0
 16. Parameter Settings for User Entity Instance: hour_bcd:HB
 17. Parameter Settings for User Entity Instance: hour_bcd:HB|counter:C0
 18. Parameter Settings for User Entity Instance: bcd_to_7segment:B7S0
 19. Parameter Settings for User Entity Instance: bcd_to_7segment:B7S1
 20. Parameter Settings for User Entity Instance: bcd_to_7segment:B7S2
 21. Parameter Settings for User Entity Instance: bcd_to_7segment:B7S3
 22. Parameter Settings for User Entity Instance: bcd_to_7segment:B7S4
 23. Parameter Settings for User Entity Instance: bcd_to_7segment:B7S5
 24. Port Connectivity Checks: "bcd_to_7segment:B7S5"
 25. Port Connectivity Checks: "bcd_to_7segment:B7S4"
 26. Port Connectivity Checks: "bcd_to_7segment:B7S3"
 27. Port Connectivity Checks: "bcd_to_7segment:B7S2"
 28. Port Connectivity Checks: "bcd_to_7segment:B7S1"
 29. Port Connectivity Checks: "bcd_to_7segment:B7S0"
 30. Port Connectivity Checks: "hour_bcd:HB|binary_to_bcd_8bit:B0"
 31. Port Connectivity Checks: "hour_bcd:HB"
 32. Port Connectivity Checks: "minute_bcd:MB|binary_to_bcd_8bit:B0"
 33. Port Connectivity Checks: "second_bcd:SB|binary_to_bcd_8bit:B0"
 34. Port Connectivity Checks: "counter:C0"
 35. Port Connectivity Checks: "clock_generator:CG|counter:C0"
 36. Elapsed Time Per Partition
 37. Analysis & Synthesis Messages



----------------
; Legal Notice ;
----------------
Copyright (C) 1991-2013 Altera Corporation
Your use of Altera Corporation's design tools, logic functions 
and other software and tools, and its AMPP partner logic 
functions, and any output files from any of the foregoing 
(including device programming or simulation files), and any 
associated documentation or information are expressly subject 
to the terms and conditions of the Altera Program License 
Subscription Agreement, Altera MegaCore Function License 
Agreement, or other applicable license agreement, including, 
without limitation, that your use is for the sole purpose of 
programming logic devices manufactured by Altera and sold by 
Altera or its authorized distributors.  Please refer to the 
applicable agreement for further details.



+--------------------------------------------------------------------------------------+
; Analysis & Synthesis Summary                                                         ;
+------------------------------------+-------------------------------------------------+
; Analysis & Synthesis Status        ; Successful - Wed Nov 16 23:17:54 2022           ;
; Quartus II 64-Bit Version          ; 13.0.1 Build 232 06/12/2013 SP 1 SJ Web Edition ;
; Revision Name                      ; digital_clock                                   ;
; Top-level Entity Name              ; digital_clock                                   ;
; Family                             ; Cyclone II                                      ;
; Total logic elements               ; 231                                             ;
;     Total combinational functions  ; 231                                             ;
;     Dedicated logic registers      ; 55                                              ;
; Total registers                    ; 55                                              ;
; Total pins                         ; 80                                              ;
; Total virtual pins                 ; 0                                               ;
; Total memory bits                  ; 0                                               ;
; Embedded Multiplier 9-bit elements ; 0                                               ;
; Total PLLs                         ; 0                                               ;
+------------------------------------+-------------------------------------------------+


+----------------------------------------------------------------------------------------------------------------------+
; Analysis & Synthesis Settings                                                                                        ;
+----------------------------------------------------------------------------+--------------------+--------------------+
; Option                                                                     ; Setting            ; Default Value      ;
+----------------------------------------------------------------------------+--------------------+--------------------+
; Device                                                                     ; EP2C35F672C6       ;                    ;
; Top-level entity name                                                      ; digital_clock      ; digital_clock      ;
; Family name                                                                ; Cyclone II         ; Cyclone IV GX      ;
; Use smart compilation                                                      ; Off                ; Off                ;
; Enable parallel Assembler and TimeQuest Timing Analyzer during compilation ; On                 ; On                 ;
; Enable compact report table                                                ; Off                ; Off                ;
; Restructure Multiplexers                                                   ; Auto               ; Auto               ;
; Create Debugging Nodes for IP Cores                                        ; Off                ; Off                ;
; Preserve fewer node names                                                  ; On                 ; On                 ;
; Disable OpenCore Plus hardware evaluation                                  ; Off                ; Off                ;
; Verilog Version                                                            ; Verilog_2001       ; Verilog_2001       ;
; VHDL Version                                                               ; VHDL_1993          ; VHDL_1993          ;
; State Machine Processing                                                   ; Auto               ; Auto               ;
; Safe State Machine                                                         ; Off                ; Off                ;
; Extract Verilog State Machines                                             ; On                 ; On                 ;
; Extract VHDL State Machines                                                ; On                 ; On                 ;
; Ignore Verilog initial constructs                                          ; Off                ; Off                ;
; Iteration limit for constant Verilog loops                                 ; 5000               ; 5000               ;
; Iteration limit for non-constant Verilog loops                             ; 250                ; 250                ;
; Add Pass-Through Logic to Inferred RAMs                                    ; On                 ; On                 ;
; Infer RAMs from Raw Logic                                                  ; On                 ; On                 ;
; Parallel Synthesis                                                         ; On                 ; On                 ;
; DSP Block Balancing                                                        ; Auto               ; Auto               ;
; NOT Gate Push-Back                                                         ; On                 ; On                 ;
; Power-Up Don't Care                                                        ; On                 ; On                 ;
; Remove Redundant Logic Cells                                               ; Off                ; Off                ;
; Remove Duplicate Registers                                                 ; On                 ; On                 ;
; Ignore CARRY Buffers                                                       ; Off                ; Off                ;
; Ignore CASCADE Buffers                                                     ; Off                ; Off                ;
; Ignore GLOBAL Buffers                                                      ; Off                ; Off                ;
; Ignore ROW GLOBAL Buffers                                                  ; Off                ; Off                ;
; Ignore LCELL Buffers                                                       ; Off                ; Off                ;
; Ignore SOFT Buffers                                                        ; On                 ; On                 ;
; Limit AHDL Integers to 32 Bits                                             ; Off                ; Off                ;
; Optimization Technique                                                     ; Balanced           ; Balanced           ;
; Carry Chain Length                                                         ; 70                 ; 70                 ;
; Auto Carry Chains                                                          ; On                 ; On                 ;
; Auto Open-Drain Pins                                                       ; On                 ; On                 ;
; Perform WYSIWYG Primitive Resynthesis                                      ; Off                ; Off                ;
; Auto ROM Replacement                                                       ; On                 ; On                 ;
; Auto RAM Replacement                                                       ; On                 ; On                 ;
; Auto Shift Register Replacement                                            ; Auto               ; Auto               ;
; Allow Shift Register Merging across Hierarchies                            ; Auto               ; Auto               ;
; Auto Clock Enable Replacement                                              ; On                 ; On                 ;
; Strict RAM Replacement                                                     ; Off                ; Off                ;
; Allow Synchronous Control Signals                                          ; On                 ; On                 ;
; Force Use of Synchronous Clear Signals                                     ; Off                ; Off                ;
; Auto RAM to Logic Cell Conversion                                          ; Off                ; Off                ;
; Auto Resource Sharing                                                      ; Off                ; Off                ;
; Allow Any RAM Size For Recognition                                         ; Off                ; Off                ;
; Allow Any ROM Size For Recognition                                         ; Off                ; Off                ;
; Allow Any Shift Register Size For Recognition                              ; Off                ; Off                ;
; Use LogicLock Constraints during Resource Balancing                        ; On                 ; On                 ;
; Ignore translate_off and synthesis_off directives                          ; Off                ; Off                ;
; Timing-Driven Synthesis                                                    ; Off                ; Off                ;
; Report Parameter Settings                                                  ; On                 ; On                 ;
; Report Source Assignments                                                  ; On                 ; On                 ;
; Report Connectivity Checks                                                 ; On                 ; On                 ;
; Ignore Maximum Fan-Out Assignments                                         ; Off                ; Off                ;
; Synchronization Register Chain Length                                      ; 2                  ; 2                  ;
; PowerPlay Power Optimization                                               ; Normal compilation ; Normal compilation ;
; HDL message level                                                          ; Level2             ; Level2             ;
; Suppress Register Optimization Related Messages                            ; Off                ; Off                ;
; Number of Removed Registers Reported in Synthesis Report                   ; 5000               ; 5000               ;
; Number of Swept Nodes Reported in Synthesis Report                         ; 5000               ; 5000               ;
; Number of Inverted Registers Reported in Synthesis Report                  ; 100                ; 100                ;
; Clock MUX Protection                                                       ; On                 ; On                 ;
; Auto Gated Clock Conversion                                                ; Off                ; Off                ;
; Block Design Naming                                                        ; Auto               ; Auto               ;
; SDC constraint protection                                                  ; Off                ; Off                ;
; Synthesis Effort                                                           ; Auto               ; Auto               ;
; Shift Register Replacement - Allow Asynchronous Clear Signal               ; On                 ; On                 ;
; Pre-Mapping Resynthesis Optimization                                       ; Off                ; Off                ;
; Analysis & Synthesis Message Level                                         ; Medium             ; Medium             ;
; Disable Register Merging Across Hierarchies                                ; Auto               ; Auto               ;
; Resource Aware Inference For Block RAM                                     ; On                 ; On                 ;
; Synthesis Seed                                                             ; 1                  ; 1                  ;
+----------------------------------------------------------------------------+--------------------+--------------------+


Parallel compilation was disabled, but you have multiple processors available. Enable parallel compilation to reduce compilation time.
+-------------------------------------+
; Parallel Compilation                ;
+----------------------------+--------+
; Processors                 ; Number ;
+----------------------------+--------+
; Number detected on machine ; 16     ;
; Maximum allowed            ; 1      ;
+----------------------------+--------+


+----------------------------------------------------------------------------------------------------------------------------------------------+
; Analysis & Synthesis Source Files Read                                                                                                       ;
+----------------------------------+-----------------+------------------------+------------------------------------------------------+---------+
; File Name with User-Entered Path ; Used in Netlist ; File Type              ; File Name with Absolute Path                         ; Library ;
+----------------------------------+-----------------+------------------------+------------------------------------------------------+---------+
; second_bcd.v                     ; yes             ; User Verilog HDL File  ; C:/Programming/DSD/DigitalClock/second_bcd.v         ;         ;
; minute_bcd.v                     ; yes             ; User Verilog HDL File  ; C:/Programming/DSD/DigitalClock/minute_bcd.v         ;         ;
; hour_bcd.v                       ; yes             ; User Verilog HDL File  ; C:/Programming/DSD/DigitalClock/hour_bcd.v           ;         ;
; d_flip_flop.v                    ; yes             ; User Verilog HDL File  ; C:/Programming/DSD/DigitalClock/d_flip_flop.v        ;         ;
; digital_clock.v                  ; yes             ; User Verilog HDL File  ; C:/Programming/DSD/DigitalClock/digital_clock.v      ;         ;
; demux_1to3.v                     ; yes             ; User Verilog HDL File  ; C:/Programming/DSD/DigitalClock/demux_1to3.v         ;         ;
; counter.v                        ; yes             ; User Verilog HDL File  ; C:/Programming/DSD/DigitalClock/counter.v            ;         ;
; clock_generator.v                ; yes             ; User Verilog HDL File  ; C:/Programming/DSD/DigitalClock/clock_generator.v    ;         ;
; binary_to_bcd_8bit.v             ; yes             ; User Verilog HDL File  ; C:/Programming/DSD/DigitalClock/binary_to_bcd_8bit.v ;         ;
; bcd_to_7segment.v                ; yes             ; User Verilog HDL File  ; C:/Programming/DSD/DigitalClock/bcd_to_7segment.v    ;         ;
+----------------------------------+-----------------+------------------------+------------------------------------------------------+---------+


+------------------------------------------------------+
; Analysis & Synthesis Resource Usage Summary          ;
+---------------------------------------------+--------+
; Resource                                    ; Usage  ;
+---------------------------------------------+--------+
; Estimated Total logic elements              ; 231    ;
;                                             ;        ;
; Total combinational functions               ; 231    ;
; Logic element usage by number of LUT inputs ;        ;
;     -- 4 input functions                    ; 143    ;
;     -- 3 input functions                    ; 12     ;
;     -- <=2 input functions                  ; 76     ;
;                                             ;        ;
; Logic elements by mode                      ;        ;
;     -- normal mode                          ; 174    ;
;     -- arithmetic mode                      ; 57     ;
;                                             ;        ;
; Total registers                             ; 55     ;
;     -- Dedicated logic registers            ; 55     ;
;     -- I/O registers                        ; 0      ;
;                                             ;        ;
; I/O pins                                    ; 80     ;
; Embedded Multiplier 9-bit elements          ; 0      ;
; Maximum fan-out node                        ; KEY[0] ;
; Maximum fan-out                             ; 55     ;
; Total fan-out                               ; 1012   ;
; Average fan-out                             ; 2.77   ;
+---------------------------------------------+--------+


+---------------------------------------------------------------------------------------------------------------------------------------------------------------------------------------------------------------+
; Analysis & Synthesis Resource Utilization by Entity                                                                                                                                                           ;
+-------------------------------+-------------------+--------------+-------------+--------------+---------+-----------+------+--------------+----------------------------------------------------+--------------+
; Compilation Hierarchy Node    ; LC Combinationals ; LC Registers ; Memory Bits ; DSP Elements ; DSP 9x9 ; DSP 18x18 ; Pins ; Virtual Pins ; Full Hierarchy Name                                ; Library Name ;
+-------------------------------+-------------------+--------------+-------------+--------------+---------+-----------+------+--------------+----------------------------------------------------+--------------+
; |digital_clock                ; 231 (3)           ; 55 (0)       ; 0           ; 0            ; 0       ; 0         ; 80   ; 0            ; |digital_clock                                     ; work         ;
;    |bcd_to_7segment:B7S0|     ; 7 (7)             ; 0 (0)        ; 0           ; 0            ; 0       ; 0         ; 0    ; 0            ; |digital_clock|bcd_to_7segment:B7S0                ; work         ;
;    |bcd_to_7segment:B7S1|     ; 7 (7)             ; 0 (0)        ; 0           ; 0            ; 0       ; 0         ; 0    ; 0            ; |digital_clock|bcd_to_7segment:B7S1                ; work         ;
;    |bcd_to_7segment:B7S2|     ; 7 (7)             ; 0 (0)        ; 0           ; 0            ; 0       ; 0         ; 0    ; 0            ; |digital_clock|bcd_to_7segment:B7S2                ; work         ;
;    |bcd_to_7segment:B7S3|     ; 7 (7)             ; 0 (0)        ; 0           ; 0            ; 0       ; 0         ; 0    ; 0            ; |digital_clock|bcd_to_7segment:B7S3                ; work         ;
;    |bcd_to_7segment:B7S4|     ; 7 (7)             ; 0 (0)        ; 0           ; 0            ; 0       ; 0         ; 0    ; 0            ; |digital_clock|bcd_to_7segment:B7S4                ; work         ;
;    |bcd_to_7segment:B7S5|     ; 7 (7)             ; 0 (0)        ; 0           ; 0            ; 0       ; 0         ; 0    ; 0            ; |digital_clock|bcd_to_7segment:B7S5                ; work         ;
;    |clock_generator:CG|       ; 35 (0)            ; 27 (0)       ; 0           ; 0            ; 0       ; 0         ; 0    ; 0            ; |digital_clock|clock_generator:CG                  ; work         ;
;       |counter:C0|            ; 34 (34)           ; 26 (26)      ; 0           ; 0            ; 0       ; 0         ; 0    ; 0            ; |digital_clock|clock_generator:CG|counter:C0       ; work         ;
;       |d_flip_flop:D0|        ; 1 (1)             ; 1 (1)        ; 0           ; 0            ; 0       ; 0         ; 0    ; 0            ; |digital_clock|clock_generator:CG|d_flip_flop:D0   ; work         ;
;    |counter:C0|               ; 2 (2)             ; 2 (2)        ; 0           ; 0            ; 0       ; 0         ; 0    ; 0            ; |digital_clock|counter:C0                          ; work         ;
;    |demux_1to3:DM|            ; 3 (3)             ; 0 (0)        ; 0           ; 0            ; 0       ; 0         ; 0    ; 0            ; |digital_clock|demux_1to3:DM                       ; work         ;
;    |hour_bcd:HB|              ; 74 (41)           ; 8 (0)        ; 0           ; 0            ; 0       ; 0         ; 0    ; 0            ; |digital_clock|hour_bcd:HB                         ; work         ;
;       |binary_to_bcd_8bit:B0| ; 23 (23)           ; 0 (0)        ; 0           ; 0            ; 0       ; 0         ; 0    ; 0            ; |digital_clock|hour_bcd:HB|binary_to_bcd_8bit:B0   ; work         ;
;       |counter:C0|            ; 10 (10)           ; 8 (8)        ; 0           ; 0            ; 0       ; 0         ; 0    ; 0            ; |digital_clock|hour_bcd:HB|counter:C0              ; work         ;
;    |minute_bcd:MB|            ; 36 (1)            ; 9 (0)        ; 0           ; 0            ; 0       ; 0         ; 0    ; 0            ; |digital_clock|minute_bcd:MB                       ; work         ;
;       |binary_to_bcd_8bit:B0| ; 25 (25)           ; 0 (0)        ; 0           ; 0            ; 0       ; 0         ; 0    ; 0            ; |digital_clock|minute_bcd:MB|binary_to_bcd_8bit:B0 ; work         ;
;       |counter:C0|            ; 10 (10)           ; 9 (9)        ; 0           ; 0            ; 0       ; 0         ; 0    ; 0            ; |digital_clock|minute_bcd:MB|counter:C0            ; work         ;
;    |second_bcd:SB|            ; 36 (1)            ; 9 (0)        ; 0           ; 0            ; 0       ; 0         ; 0    ; 0            ; |digital_clock|second_bcd:SB                       ; work         ;
;       |binary_to_bcd_8bit:B0| ; 25 (25)           ; 0 (0)        ; 0           ; 0            ; 0       ; 0         ; 0    ; 0            ; |digital_clock|second_bcd:SB|binary_to_bcd_8bit:B0 ; work         ;
;       |counter:C0|            ; 10 (10)           ; 9 (9)        ; 0           ; 0            ; 0       ; 0         ; 0    ; 0            ; |digital_clock|second_bcd:SB|counter:C0            ; work         ;
+-------------------------------+-------------------+--------------+-------------+--------------+---------+-----------+------+--------------+----------------------------------------------------+--------------+
Note: For table entries with two numbers listed, the numbers in parentheses indicate the number of resources of the given type used by the specific entity alone. The numbers listed outside of parentheses indicate the total resources of the given type used by the specific entity and all of its sub-entities in the hierarchy.


+------------------------------------------------------+
; General Register Statistics                          ;
+----------------------------------------------+-------+
; Statistic                                    ; Value ;
+----------------------------------------------+-------+
; Total registers                              ; 55    ;
; Number of registers using Synchronous Clear  ; 41    ;
; Number of registers using Synchronous Load   ; 0     ;
; Number of registers using Asynchronous Clear ; 55    ;
; Number of registers using Asynchronous Load  ; 0     ;
; Number of registers using Clock Enable       ; 0     ;
; Number of registers using Preset             ; 0     ;
+----------------------------------------------+-------+


+----------------------------------------------------------------------------------------------------------------------------------------------------------------+
; Multiplexer Restructuring Statistics (Restructuring Performed)                                                                                                 ;
+--------------------+-----------+---------------+----------------------+------------------------+------------+--------------------------------------------------+
; Multiplexer Inputs ; Bus Width ; Baseline Area ; Area if Restructured ; Saving if Restructured ; Registered ; Example Multiplexer Output                       ;
+--------------------+-----------+---------------+----------------------+------------------------+------------+--------------------------------------------------+
; 3:1                ; 8 bits    ; 16 LEs        ; 16 LEs               ; 0 LEs                  ; No         ; |digital_clock|hour_bcd:HB|count_binary_final[0] ;
+--------------------+-----------+---------------+----------------------+------------------------+------------+--------------------------------------------------+


+----------------------------------------------------------------------------+
; Parameter Settings for User Entity Instance: clock_generator:CG|counter:C0 ;
+----------------+----------+------------------------------------------------+
; Parameter Name ; Value    ; Type                                           ;
+----------------+----------+------------------------------------------------+
; MOD            ; 25000000 ; Signed Integer                                 ;
; BITS           ; 25       ; Signed Integer                                 ;
+----------------+----------+------------------------------------------------+
Note: In order to hide this table in the UI and the text report file, please set the "Show Parameter Settings in Synthesis Report" option in "Analysis and Synthesis Settings -> More Settings" to "Off".


+---------------------------------------------------------+
; Parameter Settings for User Entity Instance: counter:C0 ;
+----------------+-------+--------------------------------+
; Parameter Name ; Value ; Type                           ;
+----------------+-------+--------------------------------+
; MOD            ; 3     ; Signed Integer                 ;
; BITS           ; 2     ; Signed Integer                 ;
+----------------+-------+--------------------------------+
Note: In order to hide this table in the UI and the text report file, please set the "Show Parameter Settings in Synthesis Report" option in "Analysis and Synthesis Settings -> More Settings" to "Off".


+------------------------------------------------------------+
; Parameter Settings for User Entity Instance: second_bcd:SB ;
+----------------+-------+-----------------------------------+
; Parameter Name ; Value ; Type                              ;
+----------------+-------+-----------------------------------+
; MODULO         ; 60    ; Signed Integer                    ;
; BITS           ; 8     ; Signed Integer                    ;
+----------------+-------+-----------------------------------+
Note: In order to hide this table in the UI and the text report file, please set the "Show Parameter Settings in Synthesis Report" option in "Analysis and Synthesis Settings -> More Settings" to "Off".


+-----------------------------------------------------------------------+
; Parameter Settings for User Entity Instance: second_bcd:SB|counter:C0 ;
+----------------+-------+----------------------------------------------+
; Parameter Name ; Value ; Type                                         ;
+----------------+-------+----------------------------------------------+
; MOD            ; 60    ; Signed Integer                               ;
; BITS           ; 8     ; Signed Integer                               ;
+----------------+-------+----------------------------------------------+
Note: In order to hide this table in the UI and the text report file, please set the "Show Parameter Settings in Synthesis Report" option in "Analysis and Synthesis Settings -> More Settings" to "Off".


+------------------------------------------------------------+
; Parameter Settings for User Entity Instance: minute_bcd:MB ;
+----------------+-------+-----------------------------------+
; Parameter Name ; Value ; Type                              ;
+----------------+-------+-----------------------------------+
; MODULO         ; 60    ; Signed Integer                    ;
; BITS           ; 8     ; Signed Integer                    ;
+----------------+-------+-----------------------------------+
Note: In order to hide this table in the UI and the text report file, please set the "Show Parameter Settings in Synthesis Report" option in "Analysis and Synthesis Settings -> More Settings" to "Off".


+-----------------------------------------------------------------------+
; Parameter Settings for User Entity Instance: minute_bcd:MB|counter:C0 ;
+----------------+-------+----------------------------------------------+
; Parameter Name ; Value ; Type                                         ;
+----------------+-------+----------------------------------------------+
; MOD            ; 60    ; Signed Integer                               ;
; BITS           ; 8     ; Signed Integer                               ;
+----------------+-------+----------------------------------------------+
Note: In order to hide this table in the UI and the text report file, please set the "Show Parameter Settings in Synthesis Report" option in "Analysis and Synthesis Settings -> More Settings" to "Off".


+----------------------------------------------------------+
; Parameter Settings for User Entity Instance: hour_bcd:HB ;
+----------------+-------+---------------------------------+
; Parameter Name ; Value ; Type                            ;
+----------------+-------+---------------------------------+
; MODULO         ; 24    ; Signed Integer                  ;
; BITS           ; 8     ; Signed Integer                  ;
+----------------+-------+---------------------------------+
Note: In order to hide this table in the UI and the text report file, please set the "Show Parameter Settings in Synthesis Report" option in "Analysis and Synthesis Settings -> More Settings" to "Off".


+---------------------------------------------------------------------+
; Parameter Settings for User Entity Instance: hour_bcd:HB|counter:C0 ;
+----------------+-------+--------------------------------------------+
; Parameter Name ; Value ; Type                                       ;
+----------------+-------+--------------------------------------------+
; MOD            ; 24    ; Signed Integer                             ;
; BITS           ; 8     ; Signed Integer                             ;
+----------------+-------+--------------------------------------------+
Note: In order to hide this table in the UI and the text report file, please set the "Show Parameter Settings in Synthesis Report" option in "Analysis and Synthesis Settings -> More Settings" to "Off".


+-------------------------------------------------------------------+
; Parameter Settings for User Entity Instance: bcd_to_7segment:B7S0 ;
+----------------+---------+----------------------------------------+
; Parameter Name ; Value   ; Type                                   ;
+----------------+---------+----------------------------------------+
; ZERO           ; 1000000 ; Unsigned Binary                        ;
; ONE            ; 1111001 ; Unsigned Binary                        ;
; TWO            ; 0100100 ; Unsigned Binary                        ;
; THREE          ; 0110000 ; Unsigned Binary                        ;
; FOUR           ; 0011001 ; Unsigned Binary                        ;
; FIVE           ; 0010010 ; Unsigned Binary                        ;
; SIX            ; 0000010 ; Unsigned Binary                        ;
; SEVEN          ; 1111000 ; Unsigned Binary                        ;
; EIGHT          ; 0000000 ; Unsigned Binary                        ;
; NINE           ; 0010000 ; Unsigned Binary                        ;
; BLANK          ; 1111111 ; Unsigned Binary                        ;
+----------------+---------+----------------------------------------+
Note: In order to hide this table in the UI and the text report file, please set the "Show Parameter Settings in Synthesis Report" option in "Analysis and Synthesis Settings -> More Settings" to "Off".


+-------------------------------------------------------------------+
; Parameter Settings for User Entity Instance: bcd_to_7segment:B7S1 ;
+----------------+---------+----------------------------------------+
; Parameter Name ; Value   ; Type                                   ;
+----------------+---------+----------------------------------------+
; ZERO           ; 1000000 ; Unsigned Binary                        ;
; ONE            ; 1111001 ; Unsigned Binary                        ;
; TWO            ; 0100100 ; Unsigned Binary                        ;
; THREE          ; 0110000 ; Unsigned Binary                        ;
; FOUR           ; 0011001 ; Unsigned Binary                        ;
; FIVE           ; 0010010 ; Unsigned Binary                        ;
; SIX            ; 0000010 ; Unsigned Binary                        ;
; SEVEN          ; 1111000 ; Unsigned Binary                        ;
; EIGHT          ; 0000000 ; Unsigned Binary                        ;
; NINE           ; 0010000 ; Unsigned Binary                        ;
; BLANK          ; 1111111 ; Unsigned Binary                        ;
+----------------+---------+----------------------------------------+
Note: In order to hide this table in the UI and the text report file, please set the "Show Parameter Settings in Synthesis Report" option in "Analysis and Synthesis Settings -> More Settings" to "Off".


+-------------------------------------------------------------------+
; Parameter Settings for User Entity Instance: bcd_to_7segment:B7S2 ;
+----------------+---------+----------------------------------------+
; Parameter Name ; Value   ; Type                                   ;
+----------------+---------+----------------------------------------+
; ZERO           ; 1000000 ; Unsigned Binary                        ;
; ONE            ; 1111001 ; Unsigned Binary                        ;
; TWO            ; 0100100 ; Unsigned Binary                        ;
; THREE          ; 0110000 ; Unsigned Binary                        ;
; FOUR           ; 0011001 ; Unsigned Binary                        ;
; FIVE           ; 0010010 ; Unsigned Binary                        ;
; SIX            ; 0000010 ; Unsigned Binary                        ;
; SEVEN          ; 1111000 ; Unsigned Binary                        ;
; EIGHT          ; 0000000 ; Unsigned Binary                        ;
; NINE           ; 0010000 ; Unsigned Binary                        ;
; BLANK          ; 1111111 ; Unsigned Binary                        ;
+----------------+---------+----------------------------------------+
Note: In order to hide this table in the UI and the text report file, please set the "Show Parameter Settings in Synthesis Report" option in "Analysis and Synthesis Settings -> More Settings" to "Off".


+-------------------------------------------------------------------+
; Parameter Settings for User Entity Instance: bcd_to_7segment:B7S3 ;
+----------------+---------+----------------------------------------+
; Parameter Name ; Value   ; Type                                   ;
+----------------+---------+----------------------------------------+
; ZERO           ; 1000000 ; Unsigned Binary                        ;
; ONE            ; 1111001 ; Unsigned Binary                        ;
; TWO            ; 0100100 ; Unsigned Binary                        ;
; THREE          ; 0110000 ; Unsigned Binary                        ;
; FOUR           ; 0011001 ; Unsigned Binary                        ;
; FIVE           ; 0010010 ; Unsigned Binary                        ;
; SIX            ; 0000010 ; Unsigned Binary                        ;
; SEVEN          ; 1111000 ; Unsigned Binary                        ;
; EIGHT          ; 0000000 ; Unsigned Binary                        ;
; NINE           ; 0010000 ; Unsigned Binary                        ;
; BLANK          ; 1111111 ; Unsigned Binary                        ;
+----------------+---------+----------------------------------------+
Note: In order to hide this table in the UI and the text report file, please set the "Show Parameter Settings in Synthesis Report" option in "Analysis and Synthesis Settings -> More Settings" to "Off".


+-------------------------------------------------------------------+
; Parameter Settings for User Entity Instance: bcd_to_7segment:B7S4 ;
+----------------+---------+----------------------------------------+
; Parameter Name ; Value   ; Type                                   ;
+----------------+---------+----------------------------------------+
; ZERO           ; 1000000 ; Unsigned Binary                        ;
; ONE            ; 1111001 ; Unsigned Binary                        ;
; TWO            ; 0100100 ; Unsigned Binary                        ;
; THREE          ; 0110000 ; Unsigned Binary                        ;
; FOUR           ; 0011001 ; Unsigned Binary                        ;
; FIVE           ; 0010010 ; Unsigned Binary                        ;
; SIX            ; 0000010 ; Unsigned Binary                        ;
; SEVEN          ; 1111000 ; Unsigned Binary                        ;
; EIGHT          ; 0000000 ; Unsigned Binary                        ;
; NINE           ; 0010000 ; Unsigned Binary                        ;
; BLANK          ; 1111111 ; Unsigned Binary                        ;
+----------------+---------+----------------------------------------+
Note: In order to hide this table in the UI and the text report file, please set the "Show Parameter Settings in Synthesis Report" option in "Analysis and Synthesis Settings -> More Settings" to "Off".


+-------------------------------------------------------------------+
; Parameter Settings for User Entity Instance: bcd_to_7segment:B7S5 ;
+----------------+---------+----------------------------------------+
; Parameter Name ; Value   ; Type                                   ;
+----------------+---------+----------------------------------------+
; ZERO           ; 1000000 ; Unsigned Binary                        ;
; ONE            ; 1111001 ; Unsigned Binary                        ;
; TWO            ; 0100100 ; Unsigned Binary                        ;
; THREE          ; 0110000 ; Unsigned Binary                        ;
; FOUR           ; 0011001 ; Unsigned Binary                        ;
; FIVE           ; 0010010 ; Unsigned Binary                        ;
; SIX            ; 0000010 ; Unsigned Binary                        ;
; SEVEN          ; 1111000 ; Unsigned Binary                        ;
; EIGHT          ; 0000000 ; Unsigned Binary                        ;
; NINE           ; 0010000 ; Unsigned Binary                        ;
; BLANK          ; 1111111 ; Unsigned Binary                        ;
+----------------+---------+----------------------------------------+
Note: In order to hide this table in the UI and the text report file, please set the "Show Parameter Settings in Synthesis Report" option in "Analysis and Synthesis Settings -> More Settings" to "Off".


+--------------------------------------------------------------------------------------------------------------------------------------------------------------------------------------------------------------------------+
; Port Connectivity Checks: "bcd_to_7segment:B7S5"                                                                                                                                                                         ;
+------------------+-------+----------+------------------------------------------------------------------------------------------------------------------------------------------------------------------------------------+
; Port             ; Type  ; Severity ; Details                                                                                                                                                                            ;
+------------------+-------+----------+------------------------------------------------------------------------------------------------------------------------------------------------------------------------------------+
; leading_zero     ; Input ; Warning  ; Input port expression (32 bits) is wider than the input port (1 bits) it drives.  The 31 most-significant bit(s) in the expression will be dangling if they have no other fanouts. ;
; leading_zero[-1] ; Input ; Info     ; Stuck at VCC                                                                                                                                                                       ;
+------------------+-------+----------+------------------------------------------------------------------------------------------------------------------------------------------------------------------------------------+


+--------------------------------------------------------------------------------------------------------------------------------------------------------------------------------------------------------------------------+
; Port Connectivity Checks: "bcd_to_7segment:B7S4"                                                                                                                                                                         ;
+------------------+-------+----------+------------------------------------------------------------------------------------------------------------------------------------------------------------------------------------+
; Port             ; Type  ; Severity ; Details                                                                                                                                                                            ;
+------------------+-------+----------+------------------------------------------------------------------------------------------------------------------------------------------------------------------------------------+
; leading_zero     ; Input ; Warning  ; Input port expression (32 bits) is wider than the input port (1 bits) it drives.  The 31 most-significant bit(s) in the expression will be dangling if they have no other fanouts. ;
; leading_zero[-1] ; Input ; Info     ; Stuck at GND                                                                                                                                                                       ;
+------------------+-------+----------+------------------------------------------------------------------------------------------------------------------------------------------------------------------------------------+


+--------------------------------------------------------------------------------------------------------------------------------------------------------------------------------------------------------------------------+
; Port Connectivity Checks: "bcd_to_7segment:B7S3"                                                                                                                                                                         ;
+------------------+-------+----------+------------------------------------------------------------------------------------------------------------------------------------------------------------------------------------+
; Port             ; Type  ; Severity ; Details                                                                                                                                                                            ;
+------------------+-------+----------+------------------------------------------------------------------------------------------------------------------------------------------------------------------------------------+
; leading_zero     ; Input ; Warning  ; Input port expression (32 bits) is wider than the input port (1 bits) it drives.  The 31 most-significant bit(s) in the expression will be dangling if they have no other fanouts. ;
; leading_zero[-1] ; Input ; Info     ; Stuck at VCC                                                                                                                                                                       ;
+------------------+-------+----------+------------------------------------------------------------------------------------------------------------------------------------------------------------------------------------+


+--------------------------------------------------------------------------------------------------------------------------------------------------------------------------------------------------------------------------+
; Port Connectivity Checks: "bcd_to_7segment:B7S2"                                                                                                                                                                         ;
+------------------+-------+----------+------------------------------------------------------------------------------------------------------------------------------------------------------------------------------------+
; Port             ; Type  ; Severity ; Details                                                                                                                                                                            ;
+------------------+-------+----------+------------------------------------------------------------------------------------------------------------------------------------------------------------------------------------+
; leading_zero     ; Input ; Warning  ; Input port expression (32 bits) is wider than the input port (1 bits) it drives.  The 31 most-significant bit(s) in the expression will be dangling if they have no other fanouts. ;
; leading_zero[-1] ; Input ; Info     ; Stuck at GND                                                                                                                                                                       ;
+------------------+-------+----------+------------------------------------------------------------------------------------------------------------------------------------------------------------------------------------+


+--------------------------------------------------------------------------------------------------------------------------------------------------------------------------------------------------------------------------+
; Port Connectivity Checks: "bcd_to_7segment:B7S1"                                                                                                                                                                         ;
+------------------+-------+----------+------------------------------------------------------------------------------------------------------------------------------------------------------------------------------------+
; Port             ; Type  ; Severity ; Details                                                                                                                                                                            ;
+------------------+-------+----------+------------------------------------------------------------------------------------------------------------------------------------------------------------------------------------+
; leading_zero     ; Input ; Warning  ; Input port expression (32 bits) is wider than the input port (1 bits) it drives.  The 31 most-significant bit(s) in the expression will be dangling if they have no other fanouts. ;
; leading_zero[-1] ; Input ; Info     ; Stuck at VCC                                                                                                                                                                       ;
+------------------+-------+----------+------------------------------------------------------------------------------------------------------------------------------------------------------------------------------------+


+--------------------------------------------------------------------------------------------------------------------------------------------------------------------------------------------------------------------------+
; Port Connectivity Checks: "bcd_to_7segment:B7S0"                                                                                                                                                                         ;
+------------------+-------+----------+------------------------------------------------------------------------------------------------------------------------------------------------------------------------------------+
; Port             ; Type  ; Severity ; Details                                                                                                                                                                            ;
+------------------+-------+----------+------------------------------------------------------------------------------------------------------------------------------------------------------------------------------------+
; leading_zero     ; Input ; Warning  ; Input port expression (32 bits) is wider than the input port (1 bits) it drives.  The 31 most-significant bit(s) in the expression will be dangling if they have no other fanouts. ;
; leading_zero[-1] ; Input ; Info     ; Stuck at GND                                                                                                                                                                       ;
+------------------+-------+----------+------------------------------------------------------------------------------------------------------------------------------------------------------------------------------------+


+-----------------------------------------------------------------------------------------------------------------------------------------------------+
; Port Connectivity Checks: "hour_bcd:HB|binary_to_bcd_8bit:B0"                                                                                       ;
+------+--------+----------+--------------------------------------------------------------------------------------------------------------------------+
; Port ; Type   ; Severity ; Details                                                                                                                  ;
+------+--------+----------+--------------------------------------------------------------------------------------------------------------------------+
; bcd  ; Output ; Warning  ; Output or bidir port (12 bits) is wider than the port expression (8 bits) it drives; bit(s) "bcd[11..8]" have no fanouts ;
+------+--------+----------+--------------------------------------------------------------------------------------------------------------------------+


+-----------------------------------------------------------------------------------------------------------------+
; Port Connectivity Checks: "hour_bcd:HB"                                                                         ;
+-------+--------+----------+-------------------------------------------------------------------------------------+
; Port  ; Type   ; Severity ; Details                                                                             ;
+-------+--------+----------+-------------------------------------------------------------------------------------+
; carry ; Output ; Info     ; Connected to dangling logic. Logic that only feeds a dangling port will be removed. ;
+-------+--------+----------+-------------------------------------------------------------------------------------+


+-----------------------------------------------------------------------------------------------------------------------------------------------------+
; Port Connectivity Checks: "minute_bcd:MB|binary_to_bcd_8bit:B0"                                                                                     ;
+------+--------+----------+--------------------------------------------------------------------------------------------------------------------------+
; Port ; Type   ; Severity ; Details                                                                                                                  ;
+------+--------+----------+--------------------------------------------------------------------------------------------------------------------------+
; bcd  ; Output ; Warning  ; Output or bidir port (12 bits) is wider than the port expression (8 bits) it drives; bit(s) "bcd[11..8]" have no fanouts ;
+------+--------+----------+--------------------------------------------------------------------------------------------------------------------------+


+-----------------------------------------------------------------------------------------------------------------------------------------------------+
; Port Connectivity Checks: "second_bcd:SB|binary_to_bcd_8bit:B0"                                                                                     ;
+------+--------+----------+--------------------------------------------------------------------------------------------------------------------------+
; Port ; Type   ; Severity ; Details                                                                                                                  ;
+------+--------+----------+--------------------------------------------------------------------------------------------------------------------------+
; bcd  ; Output ; Warning  ; Output or bidir port (12 bits) is wider than the port expression (8 bits) it drives; bit(s) "bcd[11..8]" have no fanouts ;
+------+--------+----------+--------------------------------------------------------------------------------------------------------------------------+


+-----------------------------------------------------------------------------------------------------------------+
; Port Connectivity Checks: "counter:C0"                                                                          ;
+-------+--------+----------+-------------------------------------------------------------------------------------+
; Port  ; Type   ; Severity ; Details                                                                             ;
+-------+--------+----------+-------------------------------------------------------------------------------------+
; carry ; Output ; Info     ; Connected to dangling logic. Logic that only feeds a dangling port will be removed. ;
+-------+--------+----------+-------------------------------------------------------------------------------------+


+--------------------------------------------------------------------------------------------------------------------------------------+
; Port Connectivity Checks: "clock_generator:CG|counter:C0"                                                                            ;
+-------+--------+----------+----------------------------------------------------------------------------------------------------------+
; Port  ; Type   ; Severity ; Details                                                                                                  ;
+-------+--------+----------+----------------------------------------------------------------------------------------------------------+
; count ; Output ; Warning  ; Declared by entity but not connected by instance. Logic that only feeds a dangling port will be removed. ;
+-------+--------+----------+----------------------------------------------------------------------------------------------------------+


+-------------------------------+
; Elapsed Time Per Partition    ;
+----------------+--------------+
; Partition Name ; Elapsed Time ;
+----------------+--------------+
; Top            ; 00:00:00     ;
+----------------+--------------+


+-------------------------------+
; Analysis & Synthesis Messages ;
+-------------------------------+
Info: *******************************************************************
Info: Running Quartus II 64-Bit Analysis & Synthesis
    Info: Version 13.0.1 Build 232 06/12/2013 Service Pack 1 SJ Web Edition
    Info: Processing started: Wed Nov 16 23:17:52 2022
Info: Command: quartus_map --read_settings_files=on --write_settings_files=off digital_clock -c digital_clock
Warning (20028): Parallel compilation is not licensed and has been disabled
Info (12021): Found 1 design units, including 1 entities, in source file second_bcd.v
    Info (12023): Found entity 1: second_bcd
Info (12021): Found 1 design units, including 1 entities, in source file minute_bcd.v
    Info (12023): Found entity 1: minute_bcd
Info (12021): Found 0 design units, including 0 entities, in source file input_demux.v
Info (12021): Found 1 design units, including 1 entities, in source file hour_bcd.v
    Info (12023): Found entity 1: hour_bcd
Info (12021): Found 1 design units, including 1 entities, in source file d_flip_flop.v
    Info (12023): Found entity 1: d_flip_flop
Info (12021): Found 1 design units, including 1 entities, in source file digital_clock.v
    Info (12023): Found entity 1: digital_clock
Info (12021): Found 1 design units, including 1 entities, in source file demux_1to3.v
    Info (12023): Found entity 1: demux_1to3
Info (12021): Found 1 design units, including 1 entities, in source file counter.v
    Info (12023): Found entity 1: counter
Info (12021): Found 1 design units, including 1 entities, in source file clock_generator.v
    Info (12023): Found entity 1: clock_generator
Info (12021): Found 1 design units, including 1 entities, in source file binary_to_bcd_8bit.v
    Info (12023): Found entity 1: binary_to_bcd_8bit
Info (12021): Found 1 design units, including 1 entities, in source file binary_to_bcd_4bit.v
    Info (12023): Found entity 1: binary_to_bcd_4bit
Info (12021): Found 1 design units, including 1 entities, in source file bcd_to_binary_8bit.v
    Info (12023): Found entity 1: bcd_to_binary_8bit
Info (12021): Found 1 design units, including 1 entities, in source file bcd_to_7segment.v
    Info (12023): Found entity 1: bcd_to_7segment
Info (12127): Elaborating entity "digital_clock" for the top level hierarchy
Warning (10034): Output port "LEDR[16..3]" at digital_clock.v(15) has no driver
Info (12128): Elaborating entity "clock_generator" for hierarchy "clock_generator:CG"
Info (12128): Elaborating entity "counter" for hierarchy "clock_generator:CG|counter:C0"
Warning (10230): Verilog HDL assignment warning at counter.v(20): truncated value with size 32 to match size of target (25)
Info (12128): Elaborating entity "d_flip_flop" for hierarchy "clock_generator:CG|d_flip_flop:D0"
Info (12128): Elaborating entity "counter" for hierarchy "counter:C0"
Warning (10230): Verilog HDL assignment warning at counter.v(20): truncated value with size 32 to match size of target (2)
Info (12128): Elaborating entity "demux_1to3" for hierarchy "demux_1to3:DM"
Warning (10235): Verilog HDL Always Construct warning at demux_1to3.v(14): variable "input_inv" is read inside the Always Construct but isn't in the Always Construct's Event Control
Warning (10235): Verilog HDL Always Construct warning at demux_1to3.v(20): variable "input_inv" is read inside the Always Construct but isn't in the Always Construct's Event Control
Warning (10235): Verilog HDL Always Construct warning at demux_1to3.v(26): variable "input_inv" is read inside the Always Construct but isn't in the Always Construct's Event Control
Info (12128): Elaborating entity "second_bcd" for hierarchy "second_bcd:SB"
Info (12128): Elaborating entity "counter" for hierarchy "second_bcd:SB|counter:C0"
Warning (10230): Verilog HDL assignment warning at counter.v(20): truncated value with size 32 to match size of target (8)
Info (12128): Elaborating entity "binary_to_bcd_8bit" for hierarchy "second_bcd:SB|binary_to_bcd_8bit:B0"
Warning (10230): Verilog HDL assignment warning at binary_to_bcd_8bit.v(17): truncated value with size 13 to match size of target (12)
Warning (10230): Verilog HDL assignment warning at binary_to_bcd_8bit.v(14): truncated value with size 32 to match size of target (4)
Warning (10230): Verilog HDL assignment warning at binary_to_bcd_8bit.v(15): truncated value with size 32 to match size of target (4)
Info (12128): Elaborating entity "minute_bcd" for hierarchy "minute_bcd:MB"
Info (12128): Elaborating entity "hour_bcd" for hierarchy "hour_bcd:HB"
Warning (10235): Verilog HDL Always Construct warning at hour_bcd.v(24): variable "count_binary" is read inside the Always Construct but isn't in the Always Construct's Event Control
Warning (10235): Verilog HDL Always Construct warning at hour_bcd.v(29): variable "count_binary" is read inside the Always Construct but isn't in the Always Construct's Event Control
Warning (10235): Verilog HDL Always Construct warning at hour_bcd.v(31): variable "count_binary" is read inside the Always Construct but isn't in the Always Construct's Event Control
Warning (10230): Verilog HDL assignment warning at hour_bcd.v(31): truncated value with size 32 to match size of target (8)
Warning (10235): Verilog HDL Always Construct warning at hour_bcd.v(36): variable "count_binary" is read inside the Always Construct but isn't in the Always Construct's Event Control
Warning (10230): Verilog HDL assignment warning at hour_bcd.v(36): truncated value with size 32 to match size of target (8)
Info (12128): Elaborating entity "counter" for hierarchy "hour_bcd:HB|counter:C0"
Warning (10230): Verilog HDL assignment warning at counter.v(20): truncated value with size 32 to match size of target (8)
Info (12128): Elaborating entity "bcd_to_7segment" for hierarchy "bcd_to_7segment:B7S0"
Warning (10235): Verilog HDL Always Construct warning at bcd_to_7segment.v(21): variable "leading_zero" is read inside the Always Construct but isn't in the Always Construct's Event Control
Warning (19016): Clock multiplexers are found and protected
    Warning (19017): Found clock multiplexer hour_bcd:HB|clock
    Warning (19017): Found clock multiplexer minute_bcd:MB|clock
    Warning (19017): Found clock multiplexer second_bcd:SB|clock
Warning (12241): 10 hierarchies have connectivity warnings - see the Connectivity Checks report folder
Warning (13024): Output pins are stuck at VCC or GND
    Warning (13410): Pin "HEX6[0]" is stuck at VCC
    Warning (13410): Pin "HEX6[1]" is stuck at VCC
    Warning (13410): Pin "HEX6[2]" is stuck at VCC
    Warning (13410): Pin "HEX6[3]" is stuck at VCC
    Warning (13410): Pin "HEX6[4]" is stuck at VCC
    Warning (13410): Pin "HEX6[5]" is stuck at VCC
    Warning (13410): Pin "HEX7[3]" is stuck at VCC
    Warning (13410): Pin "LEDR[3]" is stuck at GND
    Warning (13410): Pin "LEDR[4]" is stuck at GND
    Warning (13410): Pin "LEDR[5]" is stuck at GND
    Warning (13410): Pin "LEDR[6]" is stuck at GND
    Warning (13410): Pin "LEDR[7]" is stuck at GND
    Warning (13410): Pin "LEDR[8]" is stuck at GND
    Warning (13410): Pin "LEDR[9]" is stuck at GND
    Warning (13410): Pin "LEDR[10]" is stuck at GND
    Warning (13410): Pin "LEDR[11]" is stuck at GND
    Warning (13410): Pin "LEDR[12]" is stuck at GND
    Warning (13410): Pin "LEDR[13]" is stuck at GND
    Warning (13410): Pin "LEDR[14]" is stuck at GND
    Warning (13410): Pin "LEDR[15]" is stuck at GND
    Warning (13410): Pin "LEDR[16]" is stuck at GND
Info (16010): Generating hard_block partition "hard_block:auto_generated_inst"
    Info (16011): Adding 0 node(s), including 0 DDIO, 0 PLL, 0 transceiver and 0 LCELL
Info (21057): Implemented 314 device resources after synthesis - the final resource count might be different
    Info (21058): Implemented 6 input pins
    Info (21059): Implemented 74 output pins
    Info (21061): Implemented 234 logic cells
Info: Quartus II 64-Bit Analysis & Synthesis was successful. 0 errors, 46 warnings
    Info: Peak virtual memory: 4600 megabytes
    Info: Processing ended: Wed Nov 16 23:17:54 2022
    Info: Elapsed time: 00:00:02
    Info: Total CPU time (on all processors): 00:00:01


