Analysis & Synthesis report for bcd_counter_7segment
Tue Nov 08 11:56:27 2022
Quartus II 64-Bit Version 13.0.1 Build 232 06/12/2013 Service Pack 1 SJ Web Edition


---------------------
; Table of Contents ;
---------------------
  1. Legal Notice
  2. Analysis & Synthesis Summary
  3. Analysis & Synthesis Settings
  4. Parallel Compilation
  5. Analysis & Synthesis Source Files Read
  6. Analysis & Synthesis Resource Usage Summary
  7. Analysis & Synthesis Resource Utilization by Entity
  8. User-Specified and Inferred Latches
  9. General Register Statistics
 10. Multiplexer Restructuring Statistics (Restructuring Performed)
 11. Parameter Settings for User Entity Instance: clock_generator:CLK|counter:C0
 12. Parameter Settings for User Entity Instance: counter:C100
 13. Parameter Settings for User Entity Instance: counter:C060
 14. Parameter Settings for User Entity Instance: counter:C101
 15. Parameter Settings for User Entity Instance: counter:C061
 16. Parameter Settings for User Entity Instance: hour_bcd:H0|counter:counter
 17. Parameter Settings for User Entity Instance: bcd_to_seven_segment_display:DP0
 18. Parameter Settings for User Entity Instance: bcd_to_seven_segment_display:DP1
 19. Parameter Settings for User Entity Instance: bcd_to_seven_segment_display:DP2
 20. Parameter Settings for User Entity Instance: bcd_to_seven_segment_display:DP3
 21. Parameter Settings for User Entity Instance: bcd_to_seven_segment_display:DP4
 22. Parameter Settings for User Entity Instance: bcd_to_seven_segment_display:DP5
 23. Port Connectivity Checks: "bcd_to_seven_segment_display:DP5"
 24. Port Connectivity Checks: "bcd_to_seven_segment_display:DP4"
 25. Port Connectivity Checks: "bcd_to_seven_segment_display:DP3"
 26. Port Connectivity Checks: "bcd_to_seven_segment_display:DP2"
 27. Port Connectivity Checks: "bcd_to_seven_segment_display:DP1"
 28. Port Connectivity Checks: "bcd_to_seven_segment_display:DP0"
 29. Port Connectivity Checks: "hour_bcd:H0|counter:counter"
 30. Port Connectivity Checks: "hour_bcd:H0"
 31. Port Connectivity Checks: "clock_generator:CLK|counter:C0"
 32. Elapsed Time Per Partition
 33. Analysis & Synthesis Messages



----------------
; Legal Notice ;
----------------
Copyright (C) 1991-2013 Altera Corporation
Your use of Altera Corporation's design tools, logic functions 
and other software and tools, and its AMPP partner logic 
functions, and any output files from any of the foregoing 
(including device programming or simulation files), and any 
associated documentation or information are expressly subject 
to the terms and conditions of the Altera Program License 
Subscription Agreement, Altera MegaCore Function License 
Agreement, or other applicable license agreement, including, 
without limitation, that your use is for the sole purpose of 
programming logic devices manufactured by Altera and sold by 
Altera or its authorized distributors.  Please refer to the 
applicable agreement for further details.



+--------------------------------------------------------------------------------------+
; Analysis & Synthesis Summary                                                         ;
+------------------------------------+-------------------------------------------------+
; Analysis & Synthesis Status        ; Successful - Tue Nov 08 11:56:27 2022           ;
; Quartus II 64-Bit Version          ; 13.0.1 Build 232 06/12/2013 SP 1 SJ Web Edition ;
; Revision Name                      ; bcd_counter_7segment                            ;
; Top-level Entity Name              ; bcd_counter_7segment                            ;
; Family                             ; Cyclone II                                      ;
; Total logic elements               ; 114                                             ;
;     Total combinational functions  ; 114                                             ;
;     Dedicated logic registers      ; 50                                              ;
; Total registers                    ; 50                                              ;
; Total pins                         ; 62                                              ;
; Total virtual pins                 ; 0                                               ;
; Total memory bits                  ; 0                                               ;
; Embedded Multiplier 9-bit elements ; 0                                               ;
; Total PLLs                         ; 0                                               ;
+------------------------------------+-------------------------------------------------+


+--------------------------------------------------------------------------------------------------------------------------+
; Analysis & Synthesis Settings                                                                                            ;
+----------------------------------------------------------------------------+----------------------+----------------------+
; Option                                                                     ; Setting              ; Default Value        ;
+----------------------------------------------------------------------------+----------------------+----------------------+
; Device                                                                     ; EP2C35F672C6         ;                      ;
; Top-level entity name                                                      ; bcd_counter_7segment ; bcd_counter_7segment ;
; Family name                                                                ; Cyclone II           ; Cyclone IV GX        ;
; Use smart compilation                                                      ; Off                  ; Off                  ;
; Enable parallel Assembler and TimeQuest Timing Analyzer during compilation ; On                   ; On                   ;
; Enable compact report table                                                ; Off                  ; Off                  ;
; Restructure Multiplexers                                                   ; Auto                 ; Auto                 ;
; Create Debugging Nodes for IP Cores                                        ; Off                  ; Off                  ;
; Preserve fewer node names                                                  ; On                   ; On                   ;
; Disable OpenCore Plus hardware evaluation                                  ; Off                  ; Off                  ;
; Verilog Version                                                            ; Verilog_2001         ; Verilog_2001         ;
; VHDL Version                                                               ; VHDL_1993            ; VHDL_1993            ;
; State Machine Processing                                                   ; Auto                 ; Auto                 ;
; Safe State Machine                                                         ; Off                  ; Off                  ;
; Extract Verilog State Machines                                             ; On                   ; On                   ;
; Extract VHDL State Machines                                                ; On                   ; On                   ;
; Ignore Verilog initial constructs                                          ; Off                  ; Off                  ;
; Iteration limit for constant Verilog loops                                 ; 5000                 ; 5000                 ;
; Iteration limit for non-constant Verilog loops                             ; 250                  ; 250                  ;
; Add Pass-Through Logic to Inferred RAMs                                    ; On                   ; On                   ;
; Infer RAMs from Raw Logic                                                  ; On                   ; On                   ;
; Parallel Synthesis                                                         ; On                   ; On                   ;
; DSP Block Balancing                                                        ; Auto                 ; Auto                 ;
; NOT Gate Push-Back                                                         ; On                   ; On                   ;
; Power-Up Don't Care                                                        ; On                   ; On                   ;
; Remove Redundant Logic Cells                                               ; Off                  ; Off                  ;
; Remove Duplicate Registers                                                 ; On                   ; On                   ;
; Ignore CARRY Buffers                                                       ; Off                  ; Off                  ;
; Ignore CASCADE Buffers                                                     ; Off                  ; Off                  ;
; Ignore GLOBAL Buffers                                                      ; Off                  ; Off                  ;
; Ignore ROW GLOBAL Buffers                                                  ; Off                  ; Off                  ;
; Ignore LCELL Buffers                                                       ; Off                  ; Off                  ;
; Ignore SOFT Buffers                                                        ; On                   ; On                   ;
; Limit AHDL Integers to 32 Bits                                             ; Off                  ; Off                  ;
; Optimization Technique                                                     ; Balanced             ; Balanced             ;
; Carry Chain Length                                                         ; 70                   ; 70                   ;
; Auto Carry Chains                                                          ; On                   ; On                   ;
; Auto Open-Drain Pins                                                       ; On                   ; On                   ;
; Perform WYSIWYG Primitive Resynthesis                                      ; Off                  ; Off                  ;
; Auto ROM Replacement                                                       ; On                   ; On                   ;
; Auto RAM Replacement                                                       ; On                   ; On                   ;
; Auto Shift Register Replacement                                            ; Auto                 ; Auto                 ;
; Allow Shift Register Merging across Hierarchies                            ; Auto                 ; Auto                 ;
; Auto Clock Enable Replacement                                              ; On                   ; On                   ;
; Strict RAM Replacement                                                     ; Off                  ; Off                  ;
; Allow Synchronous Control Signals                                          ; On                   ; On                   ;
; Force Use of Synchronous Clear Signals                                     ; Off                  ; Off                  ;
; Auto RAM to Logic Cell Conversion                                          ; Off                  ; Off                  ;
; Auto Resource Sharing                                                      ; Off                  ; Off                  ;
; Allow Any RAM Size For Recognition                                         ; Off                  ; Off                  ;
; Allow Any ROM Size For Recognition                                         ; Off                  ; Off                  ;
; Allow Any Shift Register Size For Recognition                              ; Off                  ; Off                  ;
; Use LogicLock Constraints during Resource Balancing                        ; On                   ; On                   ;
; Ignore translate_off and synthesis_off directives                          ; Off                  ; Off                  ;
; Timing-Driven Synthesis                                                    ; Off                  ; Off                  ;
; Report Parameter Settings                                                  ; On                   ; On                   ;
; Report Source Assignments                                                  ; On                   ; On                   ;
; Report Connectivity Checks                                                 ; On                   ; On                   ;
; Ignore Maximum Fan-Out Assignments                                         ; Off                  ; Off                  ;
; Synchronization Register Chain Length                                      ; 2                    ; 2                    ;
; PowerPlay Power Optimization                                               ; Normal compilation   ; Normal compilation   ;
; HDL message level                                                          ; Level2               ; Level2               ;
; Suppress Register Optimization Related Messages                            ; Off                  ; Off                  ;
; Number of Removed Registers Reported in Synthesis Report                   ; 5000                 ; 5000                 ;
; Number of Swept Nodes Reported in Synthesis Report                         ; 5000                 ; 5000                 ;
; Number of Inverted Registers Reported in Synthesis Report                  ; 100                  ; 100                  ;
; Clock MUX Protection                                                       ; On                   ; On                   ;
; Auto Gated Clock Conversion                                                ; Off                  ; Off                  ;
; Block Design Naming                                                        ; Auto                 ; Auto                 ;
; SDC constraint protection                                                  ; Off                  ; Off                  ;
; Synthesis Effort                                                           ; Auto                 ; Auto                 ;
; Shift Register Replacement - Allow Asynchronous Clear Signal               ; On                   ; On                   ;
; Pre-Mapping Resynthesis Optimization                                       ; Off                  ; Off                  ;
; Analysis & Synthesis Message Level                                         ; Medium               ; Medium               ;
; Disable Register Merging Across Hierarchies                                ; Auto                 ; Auto                 ;
; Resource Aware Inference For Block RAM                                     ; On                   ; On                   ;
; Synthesis Seed                                                             ; 1                    ; 1                    ;
+----------------------------------------------------------------------------+----------------------+----------------------+


Parallel compilation was disabled, but you have multiple processors available. Enable parallel compilation to reduce compilation time.
+-------------------------------------+
; Parallel Compilation                ;
+----------------------------+--------+
; Processors                 ; Number ;
+----------------------------+--------+
; Number detected on machine ; 16     ;
; Maximum allowed            ; 1      ;
+----------------------------+--------+


+-------------------------------------------------------------------------------------------------------------------------------------------------------+
; Analysis & Synthesis Source Files Read                                                                                                                ;
+----------------------------------+-----------------+------------------------+---------------------------------------------------------------+---------+
; File Name with User-Entered Path ; Used in Netlist ; File Type              ; File Name with Absolute Path                                  ; Library ;
+----------------------------------+-----------------+------------------------+---------------------------------------------------------------+---------+
; led_control.v                    ; yes             ; User Verilog HDL File  ; C:/Programming/DSD/BCD7Segment/led_control.v                  ;         ;
; hour_bcd.v                       ; yes             ; User Verilog HDL File  ; C:/Programming/DSD/BCD7Segment/hour_bcd.v                     ;         ;
; d_flip_flop.v                    ; yes             ; User Verilog HDL File  ; C:/Programming/DSD/BCD7Segment/d_flip_flop.v                  ;         ;
; counter.v                        ; yes             ; User Verilog HDL File  ; C:/Programming/DSD/BCD7Segment/counter.v                      ;         ;
; clock_generator.v                ; yes             ; User Verilog HDL File  ; C:/Programming/DSD/BCD7Segment/clock_generator.v              ;         ;
; bcd_to_seven_segment_display.v   ; yes             ; User Verilog HDL File  ; C:/Programming/DSD/BCD7Segment/bcd_to_seven_segment_display.v ;         ;
; bcd_counter_7segment.v           ; yes             ; User Verilog HDL File  ; C:/Programming/DSD/BCD7Segment/bcd_counter_7segment.v         ;         ;
+----------------------------------+-----------------+------------------------+---------------------------------------------------------------+---------+


+------------------------------------------------------+
; Analysis & Synthesis Resource Usage Summary          ;
+---------------------------------------------+--------+
; Resource                                    ; Usage  ;
+---------------------------------------------+--------+
; Estimated Total logic elements              ; 114    ;
;                                             ;        ;
; Total combinational functions               ; 114    ;
; Logic element usage by number of LUT inputs ;        ;
;     -- 4 input functions                    ; 42     ;
;     -- 3 input functions                    ; 29     ;
;     -- <=2 input functions                  ; 43     ;
;                                             ;        ;
; Logic elements by mode                      ;        ;
;     -- normal mode                          ; 86     ;
;     -- arithmetic mode                      ; 28     ;
;                                             ;        ;
; Total registers                             ; 50     ;
;     -- Dedicated logic registers            ; 50     ;
;     -- I/O registers                        ; 0      ;
;                                             ;        ;
; I/O pins                                    ; 62     ;
; Embedded Multiplier 9-bit elements          ; 0      ;
; Maximum fan-out node                        ; KEY[0] ;
; Maximum fan-out                             ; 50     ;
; Total fan-out                               ; 566    ;
; Average fan-out                             ; 2.50   ;
+---------------------------------------------+--------+


+-----------------------------------------------------------------------------------------------------------------------------------------------------------------------------------------------------------------------------+
; Analysis & Synthesis Resource Utilization by Entity                                                                                                                                                                         ;
+---------------------------------------+-------------------+--------------+-------------+--------------+---------+-----------+------+--------------+----------------------------------------------------------+--------------+
; Compilation Hierarchy Node            ; LC Combinationals ; LC Registers ; Memory Bits ; DSP Elements ; DSP 9x9 ; DSP 18x18 ; Pins ; Virtual Pins ; Full Hierarchy Name                                      ; Library Name ;
+---------------------------------------+-------------------+--------------+-------------+--------------+---------+-----------+------+--------------+----------------------------------------------------------+--------------+
; |bcd_counter_7segment                 ; 114 (0)           ; 50 (0)       ; 0           ; 0            ; 0       ; 0         ; 62   ; 0            ; |bcd_counter_7segment                                    ; work         ;
;    |bcd_to_seven_segment_display:DP0| ; 7 (7)             ; 0 (0)        ; 0           ; 0            ; 0       ; 0         ; 0    ; 0            ; |bcd_counter_7segment|bcd_to_seven_segment_display:DP0   ; work         ;
;    |bcd_to_seven_segment_display:DP1| ; 7 (7)             ; 0 (0)        ; 0           ; 0            ; 0       ; 0         ; 0    ; 0            ; |bcd_counter_7segment|bcd_to_seven_segment_display:DP1   ; work         ;
;    |bcd_to_seven_segment_display:DP2| ; 7 (7)             ; 0 (0)        ; 0           ; 0            ; 0       ; 0         ; 0    ; 0            ; |bcd_counter_7segment|bcd_to_seven_segment_display:DP2   ; work         ;
;    |bcd_to_seven_segment_display:DP3| ; 7 (7)             ; 0 (0)        ; 0           ; 0            ; 0       ; 0         ; 0    ; 0            ; |bcd_counter_7segment|bcd_to_seven_segment_display:DP3   ; work         ;
;    |bcd_to_seven_segment_display:DP4| ; 8 (8)             ; 0 (0)        ; 0           ; 0            ; 0       ; 0         ; 0    ; 0            ; |bcd_counter_7segment|bcd_to_seven_segment_display:DP4   ; work         ;
;    |bcd_to_seven_segment_display:DP5| ; 2 (2)             ; 0 (0)        ; 0           ; 0            ; 0       ; 0         ; 0    ; 0            ; |bcd_counter_7segment|bcd_to_seven_segment_display:DP5   ; work         ;
;    |clock_generator:CLK|              ; 37 (0)            ; 27 (0)       ; 0           ; 0            ; 0       ; 0         ; 0    ; 0            ; |bcd_counter_7segment|clock_generator:CLK                ; work         ;
;       |counter:C0|                    ; 36 (36)           ; 26 (26)      ; 0           ; 0            ; 0       ; 0         ; 0    ; 0            ; |bcd_counter_7segment|clock_generator:CLK|counter:C0     ; work         ;
;       |d_flip_flop:D0|                ; 1 (1)             ; 1 (1)        ; 0           ; 0            ; 0       ; 0         ; 0    ; 0            ; |bcd_counter_7segment|clock_generator:CLK|d_flip_flop:D0 ; work         ;
;    |counter:C060|                     ; 4 (4)             ; 4 (4)        ; 0           ; 0            ; 0       ; 0         ; 0    ; 0            ; |bcd_counter_7segment|counter:C060                       ; work         ;
;    |counter:C061|                     ; 4 (4)             ; 4 (4)        ; 0           ; 0            ; 0       ; 0         ; 0    ; 0            ; |bcd_counter_7segment|counter:C061                       ; work         ;
;    |counter:C100|                     ; 5 (5)             ; 5 (5)        ; 0           ; 0            ; 0       ; 0         ; 0    ; 0            ; |bcd_counter_7segment|counter:C100                       ; work         ;
;    |counter:C101|                     ; 5 (5)             ; 5 (5)        ; 0           ; 0            ; 0       ; 0         ; 0    ; 0            ; |bcd_counter_7segment|counter:C101                       ; work         ;
;    |hour_bcd:H0|                      ; 15 (8)            ; 5 (0)        ; 0           ; 0            ; 0       ; 0         ; 0    ; 0            ; |bcd_counter_7segment|hour_bcd:H0                        ; work         ;
;       |counter:counter|               ; 7 (7)             ; 5 (5)        ; 0           ; 0            ; 0       ; 0         ; 0    ; 0            ; |bcd_counter_7segment|hour_bcd:H0|counter:counter        ; work         ;
;    |led_control:L0|                   ; 6 (6)             ; 0 (0)        ; 0           ; 0            ; 0       ; 0         ; 0    ; 0            ; |bcd_counter_7segment|led_control:L0                     ; work         ;
+---------------------------------------+-------------------+--------------+-------------+--------------+---------+-----------+------+--------------+----------------------------------------------------------+--------------+
Note: For table entries with two numbers listed, the numbers in parentheses indicate the number of resources of the given type used by the specific entity alone. The numbers listed outside of parentheses indicate the total resources of the given type used by the specific entity and all of its sub-entities in the hierarchy.


+---------------------------------------------------------------------------------------------------+
; User-Specified and Inferred Latches                                                               ;
+----------------------------------------------------+---------------------+------------------------+
; Latch Name                                         ; Latch Enable Signal ; Free of Timing Hazards ;
+----------------------------------------------------+---------------------+------------------------+
; hour_bcd:H0|bcd[5]                                 ; hour_bcd:H0|bcd[6]  ; yes                    ;
; hour_bcd:H0|bcd[4]                                 ; hour_bcd:H0|bcd[6]  ; yes                    ;
; Number of user-specified and inferred latches = 2  ;                     ;                        ;
+----------------------------------------------------+---------------------+------------------------+
Note: All latches listed above may not be present at the end of synthesis due to various synthesis optimizations.


+------------------------------------------------------+
; General Register Statistics                          ;
+----------------------------------------------+-------+
; Statistic                                    ; Value ;
+----------------------------------------------+-------+
; Total registers                              ; 50    ;
; Number of registers using Synchronous Clear  ; 30    ;
; Number of registers using Synchronous Load   ; 0     ;
; Number of registers using Asynchronous Clear ; 50    ;
; Number of registers using Asynchronous Load  ; 0     ;
; Number of registers using Clock Enable       ; 0     ;
; Number of registers using Preset             ; 0     ;
+----------------------------------------------+-------+


+--------------------------------------------------------------------------------------------------------------------------------------------------------+
; Multiplexer Restructuring Statistics (Restructuring Performed)                                                                                         ;
+--------------------+-----------+---------------+----------------------+------------------------+------------+------------------------------------------+
; Multiplexer Inputs ; Bus Width ; Baseline Area ; Area if Restructured ; Saving if Restructured ; Registered ; Example Multiplexer Output               ;
+--------------------+-----------+---------------+----------------------+------------------------+------------+------------------------------------------+
; 3:1                ; 2 bits    ; 4 LEs         ; 4 LEs                ; 0 LEs                  ; No         ; |bcd_counter_7segment|hour_bcd:H0|bcd[3] ;
+--------------------+-----------+---------------+----------------------+------------------------+------------+------------------------------------------+


+-----------------------------------------------------------------------------+
; Parameter Settings for User Entity Instance: clock_generator:CLK|counter:C0 ;
+----------------+----------+-------------------------------------------------+
; Parameter Name ; Value    ; Type                                            ;
+----------------+----------+-------------------------------------------------+
; MOD            ; 25000000 ; Signed Integer                                  ;
; BITS           ; 25       ; Signed Integer                                  ;
+----------------+----------+-------------------------------------------------+
Note: In order to hide this table in the UI and the text report file, please set the "Show Parameter Settings in Synthesis Report" option in "Analysis and Synthesis Settings -> More Settings" to "Off".


+-----------------------------------------------------------+
; Parameter Settings for User Entity Instance: counter:C100 ;
+----------------+-------+----------------------------------+
; Parameter Name ; Value ; Type                             ;
+----------------+-------+----------------------------------+
; MOD            ; 10    ; Signed Integer                   ;
; BITS           ; 4     ; Signed Integer                   ;
+----------------+-------+----------------------------------+
Note: In order to hide this table in the UI and the text report file, please set the "Show Parameter Settings in Synthesis Report" option in "Analysis and Synthesis Settings -> More Settings" to "Off".


+-----------------------------------------------------------+
; Parameter Settings for User Entity Instance: counter:C060 ;
+----------------+-------+----------------------------------+
; Parameter Name ; Value ; Type                             ;
+----------------+-------+----------------------------------+
; MOD            ; 6     ; Signed Integer                   ;
; BITS           ; 3     ; Signed Integer                   ;
+----------------+-------+----------------------------------+
Note: In order to hide this table in the UI and the text report file, please set the "Show Parameter Settings in Synthesis Report" option in "Analysis and Synthesis Settings -> More Settings" to "Off".


+-----------------------------------------------------------+
; Parameter Settings for User Entity Instance: counter:C101 ;
+----------------+-------+----------------------------------+
; Parameter Name ; Value ; Type                             ;
+----------------+-------+----------------------------------+
; MOD            ; 10    ; Signed Integer                   ;
; BITS           ; 4     ; Signed Integer                   ;
+----------------+-------+----------------------------------+
Note: In order to hide this table in the UI and the text report file, please set the "Show Parameter Settings in Synthesis Report" option in "Analysis and Synthesis Settings -> More Settings" to "Off".


+-----------------------------------------------------------+
; Parameter Settings for User Entity Instance: counter:C061 ;
+----------------+-------+----------------------------------+
; Parameter Name ; Value ; Type                             ;
+----------------+-------+----------------------------------+
; MOD            ; 6     ; Signed Integer                   ;
; BITS           ; 3     ; Signed Integer                   ;
+----------------+-------+----------------------------------+
Note: In order to hide this table in the UI and the text report file, please set the "Show Parameter Settings in Synthesis Report" option in "Analysis and Synthesis Settings -> More Settings" to "Off".


+--------------------------------------------------------------------------+
; Parameter Settings for User Entity Instance: hour_bcd:H0|counter:counter ;
+----------------+-------+-------------------------------------------------+
; Parameter Name ; Value ; Type                                            ;
+----------------+-------+-------------------------------------------------+
; MOD            ; 24    ; Signed Integer                                  ;
; BITS           ; 5     ; Signed Integer                                  ;
+----------------+-------+-------------------------------------------------+
Note: In order to hide this table in the UI and the text report file, please set the "Show Parameter Settings in Synthesis Report" option in "Analysis and Synthesis Settings -> More Settings" to "Off".


+-------------------------------------------------------------------------------+
; Parameter Settings for User Entity Instance: bcd_to_seven_segment_display:DP0 ;
+----------------+---------+----------------------------------------------------+
; Parameter Name ; Value   ; Type                                               ;
+----------------+---------+----------------------------------------------------+
; ZERO           ; 1000000 ; Unsigned Binary                                    ;
; ONE            ; 1111001 ; Unsigned Binary                                    ;
; TWO            ; 0100100 ; Unsigned Binary                                    ;
; THREE          ; 0110000 ; Unsigned Binary                                    ;
; FOUR           ; 0011001 ; Unsigned Binary                                    ;
; FIVE           ; 0010010 ; Unsigned Binary                                    ;
; SIX            ; 0000010 ; Unsigned Binary                                    ;
; SEVEN          ; 1111000 ; Unsigned Binary                                    ;
; EIGHT          ; 0000000 ; Unsigned Binary                                    ;
; NINE           ; 0010000 ; Unsigned Binary                                    ;
; BLANK          ; 1111111 ; Unsigned Binary                                    ;
+----------------+---------+----------------------------------------------------+
Note: In order to hide this table in the UI and the text report file, please set the "Show Parameter Settings in Synthesis Report" option in "Analysis and Synthesis Settings -> More Settings" to "Off".


+-------------------------------------------------------------------------------+
; Parameter Settings for User Entity Instance: bcd_to_seven_segment_display:DP1 ;
+----------------+---------+----------------------------------------------------+
; Parameter Name ; Value   ; Type                                               ;
+----------------+---------+----------------------------------------------------+
; ZERO           ; 1000000 ; Unsigned Binary                                    ;
; ONE            ; 1111001 ; Unsigned Binary                                    ;
; TWO            ; 0100100 ; Unsigned Binary                                    ;
; THREE          ; 0110000 ; Unsigned Binary                                    ;
; FOUR           ; 0011001 ; Unsigned Binary                                    ;
; FIVE           ; 0010010 ; Unsigned Binary                                    ;
; SIX            ; 0000010 ; Unsigned Binary                                    ;
; SEVEN          ; 1111000 ; Unsigned Binary                                    ;
; EIGHT          ; 0000000 ; Unsigned Binary                                    ;
; NINE           ; 0010000 ; Unsigned Binary                                    ;
; BLANK          ; 1111111 ; Unsigned Binary                                    ;
+----------------+---------+----------------------------------------------------+
Note: In order to hide this table in the UI and the text report file, please set the "Show Parameter Settings in Synthesis Report" option in "Analysis and Synthesis Settings -> More Settings" to "Off".


+-------------------------------------------------------------------------------+
; Parameter Settings for User Entity Instance: bcd_to_seven_segment_display:DP2 ;
+----------------+---------+----------------------------------------------------+
; Parameter Name ; Value   ; Type                                               ;
+----------------+---------+----------------------------------------------------+
; ZERO           ; 1000000 ; Unsigned Binary                                    ;
; ONE            ; 1111001 ; Unsigned Binary                                    ;
; TWO            ; 0100100 ; Unsigned Binary                                    ;
; THREE          ; 0110000 ; Unsigned Binary                                    ;
; FOUR           ; 0011001 ; Unsigned Binary                                    ;
; FIVE           ; 0010010 ; Unsigned Binary                                    ;
; SIX            ; 0000010 ; Unsigned Binary                                    ;
; SEVEN          ; 1111000 ; Unsigned Binary                                    ;
; EIGHT          ; 0000000 ; Unsigned Binary                                    ;
; NINE           ; 0010000 ; Unsigned Binary                                    ;
; BLANK          ; 1111111 ; Unsigned Binary                                    ;
+----------------+---------+----------------------------------------------------+
Note: In order to hide this table in the UI and the text report file, please set the "Show Parameter Settings in Synthesis Report" option in "Analysis and Synthesis Settings -> More Settings" to "Off".


+-------------------------------------------------------------------------------+
; Parameter Settings for User Entity Instance: bcd_to_seven_segment_display:DP3 ;
+----------------+---------+----------------------------------------------------+
; Parameter Name ; Value   ; Type                                               ;
+----------------+---------+----------------------------------------------------+
; ZERO           ; 1000000 ; Unsigned Binary                                    ;
; ONE            ; 1111001 ; Unsigned Binary                                    ;
; TWO            ; 0100100 ; Unsigned Binary                                    ;
; THREE          ; 0110000 ; Unsigned Binary                                    ;
; FOUR           ; 0011001 ; Unsigned Binary                                    ;
; FIVE           ; 0010010 ; Unsigned Binary                                    ;
; SIX            ; 0000010 ; Unsigned Binary                                    ;
; SEVEN          ; 1111000 ; Unsigned Binary                                    ;
; EIGHT          ; 0000000 ; Unsigned Binary                                    ;
; NINE           ; 0010000 ; Unsigned Binary                                    ;
; BLANK          ; 1111111 ; Unsigned Binary                                    ;
+----------------+---------+----------------------------------------------------+
Note: In order to hide this table in the UI and the text report file, please set the "Show Parameter Settings in Synthesis Report" option in "Analysis and Synthesis Settings -> More Settings" to "Off".


+-------------------------------------------------------------------------------+
; Parameter Settings for User Entity Instance: bcd_to_seven_segment_display:DP4 ;
+----------------+---------+----------------------------------------------------+
; Parameter Name ; Value   ; Type                                               ;
+----------------+---------+----------------------------------------------------+
; ZERO           ; 1000000 ; Unsigned Binary                                    ;
; ONE            ; 1111001 ; Unsigned Binary                                    ;
; TWO            ; 0100100 ; Unsigned Binary                                    ;
; THREE          ; 0110000 ; Unsigned Binary                                    ;
; FOUR           ; 0011001 ; Unsigned Binary                                    ;
; FIVE           ; 0010010 ; Unsigned Binary                                    ;
; SIX            ; 0000010 ; Unsigned Binary                                    ;
; SEVEN          ; 1111000 ; Unsigned Binary                                    ;
; EIGHT          ; 0000000 ; Unsigned Binary                                    ;
; NINE           ; 0010000 ; Unsigned Binary                                    ;
; BLANK          ; 1111111 ; Unsigned Binary                                    ;
+----------------+---------+----------------------------------------------------+
Note: In order to hide this table in the UI and the text report file, please set the "Show Parameter Settings in Synthesis Report" option in "Analysis and Synthesis Settings -> More Settings" to "Off".


+-------------------------------------------------------------------------------+
; Parameter Settings for User Entity Instance: bcd_to_seven_segment_display:DP5 ;
+----------------+---------+----------------------------------------------------+
; Parameter Name ; Value   ; Type                                               ;
+----------------+---------+----------------------------------------------------+
; ZERO           ; 1000000 ; Unsigned Binary                                    ;
; ONE            ; 1111001 ; Unsigned Binary                                    ;
; TWO            ; 0100100 ; Unsigned Binary                                    ;
; THREE          ; 0110000 ; Unsigned Binary                                    ;
; FOUR           ; 0011001 ; Unsigned Binary                                    ;
; FIVE           ; 0010010 ; Unsigned Binary                                    ;
; SIX            ; 0000010 ; Unsigned Binary                                    ;
; SEVEN          ; 1111000 ; Unsigned Binary                                    ;
; EIGHT          ; 0000000 ; Unsigned Binary                                    ;
; NINE           ; 0010000 ; Unsigned Binary                                    ;
; BLANK          ; 1111111 ; Unsigned Binary                                    ;
+----------------+---------+----------------------------------------------------+
Note: In order to hide this table in the UI and the text report file, please set the "Show Parameter Settings in Synthesis Report" option in "Analysis and Synthesis Settings -> More Settings" to "Off".


+--------------------------------------------------------------------------------------------------------------------------------------------------------------------------------------------------------------------------+
; Port Connectivity Checks: "bcd_to_seven_segment_display:DP5"                                                                                                                                                             ;
+------------------+-------+----------+------------------------------------------------------------------------------------------------------------------------------------------------------------------------------------+
; Port             ; Type  ; Severity ; Details                                                                                                                                                                            ;
+------------------+-------+----------+------------------------------------------------------------------------------------------------------------------------------------------------------------------------------------+
; bcd              ; Input ; Warning  ; Input port expression (5 bits) is wider than the input port (4 bits) it drives.  The 1 most-significant bit(s) in the expression will be dangling if they have no other fanouts.   ;
; bcd[3..2]        ; Input ; Info     ; Stuck at GND                                                                                                                                                                       ;
; leading_zero     ; Input ; Warning  ; Input port expression (32 bits) is wider than the input port (1 bits) it drives.  The 31 most-significant bit(s) in the expression will be dangling if they have no other fanouts. ;
; leading_zero[-1] ; Input ; Info     ; Stuck at VCC                                                                                                                                                                       ;
+------------------+-------+----------+------------------------------------------------------------------------------------------------------------------------------------------------------------------------------------+


+--------------------------------------------------------------------------------------------------------------------------------------------------------------------------------------------------------------------------+
; Port Connectivity Checks: "bcd_to_seven_segment_display:DP4"                                                                                                                                                             ;
+------------------+-------+----------+------------------------------------------------------------------------------------------------------------------------------------------------------------------------------------+
; Port             ; Type  ; Severity ; Details                                                                                                                                                                            ;
+------------------+-------+----------+------------------------------------------------------------------------------------------------------------------------------------------------------------------------------------+
; leading_zero     ; Input ; Warning  ; Input port expression (32 bits) is wider than the input port (1 bits) it drives.  The 31 most-significant bit(s) in the expression will be dangling if they have no other fanouts. ;
; leading_zero[-1] ; Input ; Info     ; Stuck at GND                                                                                                                                                                       ;
+------------------+-------+----------+------------------------------------------------------------------------------------------------------------------------------------------------------------------------------------+


+--------------------------------------------------------------------------------------------------------------------------------------------------------------------------------------------------------------------------+
; Port Connectivity Checks: "bcd_to_seven_segment_display:DP3"                                                                                                                                                             ;
+------------------+-------+----------+------------------------------------------------------------------------------------------------------------------------------------------------------------------------------------+
; Port             ; Type  ; Severity ; Details                                                                                                                                                                            ;
+------------------+-------+----------+------------------------------------------------------------------------------------------------------------------------------------------------------------------------------------+
; bcd[3]           ; Input ; Info     ; Stuck at GND                                                                                                                                                                       ;
; leading_zero     ; Input ; Warning  ; Input port expression (32 bits) is wider than the input port (1 bits) it drives.  The 31 most-significant bit(s) in the expression will be dangling if they have no other fanouts. ;
; leading_zero[-1] ; Input ; Info     ; Stuck at VCC                                                                                                                                                                       ;
+------------------+-------+----------+------------------------------------------------------------------------------------------------------------------------------------------------------------------------------------+


+--------------------------------------------------------------------------------------------------------------------------------------------------------------------------------------------------------------------------+
; Port Connectivity Checks: "bcd_to_seven_segment_display:DP2"                                                                                                                                                             ;
+------------------+-------+----------+------------------------------------------------------------------------------------------------------------------------------------------------------------------------------------+
; Port             ; Type  ; Severity ; Details                                                                                                                                                                            ;
+------------------+-------+----------+------------------------------------------------------------------------------------------------------------------------------------------------------------------------------------+
; leading_zero     ; Input ; Warning  ; Input port expression (32 bits) is wider than the input port (1 bits) it drives.  The 31 most-significant bit(s) in the expression will be dangling if they have no other fanouts. ;
; leading_zero[-1] ; Input ; Info     ; Stuck at GND                                                                                                                                                                       ;
+------------------+-------+----------+------------------------------------------------------------------------------------------------------------------------------------------------------------------------------------+


+--------------------------------------------------------------------------------------------------------------------------------------------------------------------------------------------------------------------------+
; Port Connectivity Checks: "bcd_to_seven_segment_display:DP1"                                                                                                                                                             ;
+------------------+-------+----------+------------------------------------------------------------------------------------------------------------------------------------------------------------------------------------+
; Port             ; Type  ; Severity ; Details                                                                                                                                                                            ;
+------------------+-------+----------+------------------------------------------------------------------------------------------------------------------------------------------------------------------------------------+
; bcd[3]           ; Input ; Info     ; Stuck at GND                                                                                                                                                                       ;
; leading_zero     ; Input ; Warning  ; Input port expression (32 bits) is wider than the input port (1 bits) it drives.  The 31 most-significant bit(s) in the expression will be dangling if they have no other fanouts. ;
; leading_zero[-1] ; Input ; Info     ; Stuck at VCC                                                                                                                                                                       ;
+------------------+-------+----------+------------------------------------------------------------------------------------------------------------------------------------------------------------------------------------+


+--------------------------------------------------------------------------------------------------------------------------------------------------------------------------------------------------------------------------+
; Port Connectivity Checks: "bcd_to_seven_segment_display:DP0"                                                                                                                                                             ;
+------------------+-------+----------+------------------------------------------------------------------------------------------------------------------------------------------------------------------------------------+
; Port             ; Type  ; Severity ; Details                                                                                                                                                                            ;
+------------------+-------+----------+------------------------------------------------------------------------------------------------------------------------------------------------------------------------------------+
; leading_zero     ; Input ; Warning  ; Input port expression (32 bits) is wider than the input port (1 bits) it drives.  The 31 most-significant bit(s) in the expression will be dangling if they have no other fanouts. ;
; leading_zero[-1] ; Input ; Info     ; Stuck at GND                                                                                                                                                                       ;
+------------------+-------+----------+------------------------------------------------------------------------------------------------------------------------------------------------------------------------------------+


+--------------------------------------------------------------------------------------------------------------------------------------+
; Port Connectivity Checks: "hour_bcd:H0|counter:counter"                                                                              ;
+-------+--------+----------+----------------------------------------------------------------------------------------------------------+
; Port  ; Type   ; Severity ; Details                                                                                                  ;
+-------+--------+----------+----------------------------------------------------------------------------------------------------------+
; carry ; Output ; Warning  ; Declared by entity but not connected by instance. Logic that only feeds a dangling port will be removed. ;
+-------+--------+----------+----------------------------------------------------------------------------------------------------------+


+---------------------------------------------------------------------------------------------------------------------------------------------------+
; Port Connectivity Checks: "hour_bcd:H0"                                                                                                           ;
+------+--------+----------+------------------------------------------------------------------------------------------------------------------------+
; Port ; Type   ; Severity ; Details                                                                                                                ;
+------+--------+----------+------------------------------------------------------------------------------------------------------------------------+
; bcd  ; Output ; Warning  ; Output or bidir port (7 bits) is wider than the port expression (6 bits) it drives; bit(s) "bcd[6..6]" have no fanouts ;
+------+--------+----------+------------------------------------------------------------------------------------------------------------------------+


+--------------------------------------------------------------------------------------------------------------------------------------+
; Port Connectivity Checks: "clock_generator:CLK|counter:C0"                                                                           ;
+-------+--------+----------+----------------------------------------------------------------------------------------------------------+
; Port  ; Type   ; Severity ; Details                                                                                                  ;
+-------+--------+----------+----------------------------------------------------------------------------------------------------------+
; count ; Output ; Warning  ; Declared by entity but not connected by instance. Logic that only feeds a dangling port will be removed. ;
+-------+--------+----------+----------------------------------------------------------------------------------------------------------+


+-------------------------------+
; Elapsed Time Per Partition    ;
+----------------+--------------+
; Partition Name ; Elapsed Time ;
+----------------+--------------+
; Top            ; 00:00:00     ;
+----------------+--------------+


+-------------------------------+
; Analysis & Synthesis Messages ;
+-------------------------------+
Info: *******************************************************************
Info: Running Quartus II 64-Bit Analysis & Synthesis
    Info: Version 13.0.1 Build 232 06/12/2013 Service Pack 1 SJ Web Edition
    Info: Processing started: Tue Nov 08 11:56:25 2022
Info: Command: quartus_map --read_settings_files=on --write_settings_files=off bcd_counter_7segment -c bcd_counter_7segment
Warning (20028): Parallel compilation is not licensed and has been disabled
Info (12021): Found 1 design units, including 1 entities, in source file led_control.v
    Info (12023): Found entity 1: led_control
Info (12021): Found 1 design units, including 1 entities, in source file hour_bcd.v
    Info (12023): Found entity 1: hour_bcd
Info (12021): Found 1 design units, including 1 entities, in source file d_flip_flop.v
    Info (12023): Found entity 1: d_flip_flop
Info (12021): Found 1 design units, including 1 entities, in source file counter.v
    Info (12023): Found entity 1: counter
Info (12021): Found 1 design units, including 1 entities, in source file clock_generator.v
    Info (12023): Found entity 1: clock_generator
Info (12021): Found 1 design units, including 1 entities, in source file bcd_to_seven_segment_display.v
    Info (12023): Found entity 1: bcd_to_seven_segment_display
Info (12021): Found 1 design units, including 1 entities, in source file bcd_counter_7segment.v
    Info (12023): Found entity 1: bcd_counter_7segment
Info (12127): Elaborating entity "bcd_counter_7segment" for the top level hierarchy
Warning (10034): Output port "LEDR[16..6]" at bcd_counter_7segment.v(13) has no driver
Info (12128): Elaborating entity "clock_generator" for hierarchy "clock_generator:CLK"
Info (12128): Elaborating entity "counter" for hierarchy "clock_generator:CLK|counter:C0"
Warning (10230): Verilog HDL assignment warning at counter.v(20): truncated value with size 32 to match size of target (25)
Info (12128): Elaborating entity "d_flip_flop" for hierarchy "clock_generator:CLK|d_flip_flop:D0"
Info (12128): Elaborating entity "counter" for hierarchy "counter:C100"
Warning (10230): Verilog HDL assignment warning at counter.v(20): truncated value with size 32 to match size of target (4)
Info (12128): Elaborating entity "counter" for hierarchy "counter:C060"
Warning (10230): Verilog HDL assignment warning at counter.v(20): truncated value with size 32 to match size of target (3)
Info (12128): Elaborating entity "hour_bcd" for hierarchy "hour_bcd:H0"
Warning (10230): Verilog HDL assignment warning at hour_bcd.v(13): truncated value with size 5 to match size of target (4)
Warning (10240): Verilog HDL Always Construct warning at hour_bcd.v(10): inferring latch(es) for variable "bcd", which holds its previous value in one or more paths through the always construct
Info (10041): Inferred latch for "bcd[0]" at hour_bcd.v(10)
Info (10041): Inferred latch for "bcd[1]" at hour_bcd.v(10)
Info (10041): Inferred latch for "bcd[2]" at hour_bcd.v(10)
Info (10041): Inferred latch for "bcd[3]" at hour_bcd.v(10)
Info (10041): Inferred latch for "bcd[4]" at hour_bcd.v(10)
Info (10041): Inferred latch for "bcd[5]" at hour_bcd.v(10)
Info (10041): Inferred latch for "bcd[6]" at hour_bcd.v(10)
Info (12128): Elaborating entity "counter" for hierarchy "hour_bcd:H0|counter:counter"
Warning (10230): Verilog HDL assignment warning at counter.v(20): truncated value with size 32 to match size of target (5)
Info (12128): Elaborating entity "bcd_to_seven_segment_display" for hierarchy "bcd_to_seven_segment_display:DP0"
Warning (10235): Verilog HDL Always Construct warning at bcd_to_seven_segment_display.v(22): variable "leading_zero" is read inside the Always Construct but isn't in the Always Construct's Event Control
Info (12128): Elaborating entity "led_control" for hierarchy "led_control:L0"
Warning (14026): LATCH primitive "hour_bcd:H0|bcd[0]" is permanently enabled
Warning (14026): LATCH primitive "hour_bcd:H0|bcd[1]" is permanently enabled
Warning (14026): LATCH primitive "hour_bcd:H0|bcd[2]" is permanently enabled
Warning (14026): LATCH primitive "hour_bcd:H0|bcd[3]" is permanently enabled
Warning (12241): 9 hierarchies have connectivity warnings - see the Connectivity Checks report folder
Warning (13012): Latch hour_bcd:H0|bcd[5] has unsafe behavior
    Warning (13013): Ports D and ENA on the latch are fed by the same signal hour_bcd:H0|counter:counter|count[4]
Warning (13012): Latch hour_bcd:H0|bcd[4] has unsafe behavior
    Warning (13013): Ports D and ENA on the latch are fed by the same signal hour_bcd:H0|counter:counter|count[4]
Warning (13024): Output pins are stuck at VCC or GND
    Warning (13410): Pin "LEDR[6]" is stuck at GND
    Warning (13410): Pin "LEDR[7]" is stuck at GND
    Warning (13410): Pin "LEDR[8]" is stuck at GND
    Warning (13410): Pin "LEDR[9]" is stuck at GND
    Warning (13410): Pin "LEDR[10]" is stuck at GND
    Warning (13410): Pin "LEDR[11]" is stuck at GND
    Warning (13410): Pin "LEDR[12]" is stuck at GND
    Warning (13410): Pin "LEDR[13]" is stuck at GND
    Warning (13410): Pin "LEDR[14]" is stuck at GND
    Warning (13410): Pin "LEDR[15]" is stuck at GND
    Warning (13410): Pin "LEDR[16]" is stuck at GND
    Warning (13410): Pin "HEX5[5]" is stuck at VCC
Info (16010): Generating hard_block partition "hard_block:auto_generated_inst"
    Info (16011): Adding 0 node(s), including 0 DDIO, 0 PLL, 0 transceiver and 0 LCELL
Info (21057): Implemented 177 device resources after synthesis - the final resource count might be different
    Info (21058): Implemented 2 input pins
    Info (21059): Implemented 60 output pins
    Info (21061): Implemented 115 logic cells
Info: Quartus II 64-Bit Analysis & Synthesis was successful. 0 errors, 31 warnings
    Info: Peak virtual memory: 4604 megabytes
    Info: Processing ended: Tue Nov 08 11:56:27 2022
    Info: Elapsed time: 00:00:02
    Info: Total CPU time (on all processors): 00:00:01


